Using pre-set license
Built from '2021.3/staging' branch; Version is '2021.3.16f1 (4016570cf34f) revision 4200023'; Using compiler version '192829333'; Build Type 'Release'
OS: 'Windows 10  (10.0.19045) 64bit CoreSingleLanguage' Language: 'tr' Physical Memory: 12169 MB
BatchMode: 1, IsHumanControllingUs: 0, StartBugReporterOnCrash: 0, Is64bit: 1, IsPro: 1

COMMAND LINE ARGUMENTS:
D:\Unity\2021.3.16f1\Editor\Unity.exe
-adb2
-batchMode
-noUpm
-name
AssetImportWorker0
-projectPath
D:/UNİTY PROJELER/CuteRoom/CuteRoom
-logFile
Logs/AssetImportWorker0.log
-srvPort
49944
Successfully changed project path to: D:/UNİTY PROJELER/CuteRoom/CuteRoom
D:/UNİTY PROJELER/CuteRoom/CuteRoom
[UnityMemory] Configuration Parameters - Can be set up in boot.config
    "memorysetup-bucket-allocator-granularity=16"
    "memorysetup-bucket-allocator-bucket-count=8"
    "memorysetup-bucket-allocator-block-size=33554432"
    "memorysetup-bucket-allocator-block-count=8"
    "memorysetup-main-allocator-block-size=16777216"
    "memorysetup-thread-allocator-block-size=16777216"
    "memorysetup-gfx-main-allocator-block-size=16777216"
    "memorysetup-gfx-thread-allocator-block-size=16777216"
    "memorysetup-cache-allocator-block-size=4194304"
    "memorysetup-typetree-allocator-block-size=2097152"
    "memorysetup-profiler-bucket-allocator-granularity=16"
    "memorysetup-profiler-bucket-allocator-bucket-count=8"
    "memorysetup-profiler-bucket-allocator-block-size=33554432"
    "memorysetup-profiler-bucket-allocator-block-count=8"
    "memorysetup-profiler-allocator-block-size=16777216"
    "memorysetup-profiler-editor-allocator-block-size=1048576"
    "memorysetup-temp-allocator-size-main=16777216"
    "memorysetup-job-temp-allocator-block-size=2097152"
    "memorysetup-job-temp-allocator-block-size-background=1048576"
    "memorysetup-job-temp-allocator-reduction-small-platforms=262144"
    "memorysetup-temp-allocator-size-background-worker=32768"
    "memorysetup-temp-allocator-size-job-worker=262144"
    "memorysetup-temp-allocator-size-preload-manager=33554432"
    "memorysetup-temp-allocator-size-nav-mesh-worker=65536"
    "memorysetup-temp-allocator-size-audio-worker=65536"
    "memorysetup-temp-allocator-size-cloud-worker=32768"
    "memorysetup-temp-allocator-size-gi-baking-worker=262144"
    "memorysetup-temp-allocator-size-gfx=262144"
Player connection [6612] Host "[IP] 192.168.1.2 [Port] 0 [Flags] 2 [Guid] 3518873520 [EditorId] 3518873520 [Version] 1048832 [Id] WindowsEditor(7,NIRVANA) [Debug] 1 [PackageName] WindowsEditor [ProjectName] Editor" joined multi-casting on [225.0.0.222:54997]...

Player connection [6612] Host "[IP] 192.168.1.2 [Port] 0 [Flags] 2 [Guid] 3518873520 [EditorId] 3518873520 [Version] 1048832 [Id] WindowsEditor(7,NIRVANA) [Debug] 1 [PackageName] WindowsEditor [ProjectName] Editor" joined alternative multi-casting on [225.0.0.222:34997]...

Refreshing native plugins compatible for Editor in 127.17 ms, found 3 plugins.
Preloading 0 native plugins for Editor in 0.00 ms.
Initialize engine version: 2021.3.16f1 (4016570cf34f)
[Subsystems] Discovering subsystems at path D:/Unity/2021.3.16f1/Editor/Data/Resources/UnitySubsystems
[Subsystems] Discovering subsystems at path D:/UNİTY PROJELER/CuteRoom/CuteRoom/Assets
GfxDevice: creating device client; threaded=0; jobified=0
Direct3D:
    Version:  Direct3D 11.0 [level 11.0]
    Renderer: NVIDIA GeForce 940M (ID=0x1347)
    Vendor:   NVIDIA
    VRAM:     2020 MB
    Driver:   22.21.13.8205
Initialize mono
Mono path[0] = 'D:/Unity/2021.3.16f1/Editor/Data/Managed'
Mono path[1] = 'D:/Unity/2021.3.16f1/Editor/Data/MonoBleedingEdge/lib/mono/unityjit-win32'
Mono config path = 'D:/Unity/2021.3.16f1/Editor/Data/MonoBleedingEdge/etc'
Using monoOptions --debugger-agent=transport=dt_socket,embedding=1,server=y,suspend=n,address=127.0.0.1:56724
Begin MonoManager ReloadAssembly
Registering precompiled unity dll's ...
Register platform support module: D:/Unity/2021.3.16f1/Editor/Data/PlaybackEngines/WindowsStandaloneSupport/UnityEditor.WindowsStandalone.Extensions.dll
Registered in 0.007070 seconds.
Native extension for WindowsStandalone target not found
Refreshing native plugins compatible for Editor in 147.35 ms, found 3 plugins.
Preloading 0 native plugins for Editor in 0.00 ms.
Mono: successfully reloaded assembly
- Completed reload, in  1.317 seconds
Domain Reload Profiling:
	ReloadAssembly (1317ms)
		BeginReloadAssembly (120ms)
			ExecutionOrderSort (0ms)
			DisableScriptedObjects (0ms)
			BackupInstance (0ms)
			ReleaseScriptingObjects (0ms)
			CreateAndSetChildDomain (1ms)
		EndReloadAssembly (945ms)
			LoadAssemblies (119ms)
			RebuildTransferFunctionScriptingTraits (0ms)
			SetupTypeCache (247ms)
			ReleaseScriptCaches (0ms)
			RebuildScriptCaches (74ms)
			SetupLoadedEditorAssemblies (519ms)
				LogAssemblyErrors (0ms)
				InitializePlatformSupportModulesInManaged (15ms)
				SetLoadedEditorAssemblies (0ms)
				RefreshPlugins (147ms)
				BeforeProcessingInitializeOnLoad (2ms)
				ProcessInitializeOnLoadAttributes (276ms)
				ProcessInitializeOnLoadMethodAttributes (78ms)
				AfterProcessingInitializeOnLoad (0ms)
				EditorAssembliesLoaded (0ms)
			ExecutionOrderSort2 (0ms)
			AwakeInstancesAfterBackupRestoration (0ms)
Platform modules already initialized, skipping
Registering precompiled user dll's ...
Registered in 0.007807 seconds.
Begin MonoManager ReloadAssembly
Symbol file LoadedFromMemory doesn't match image D:\UNİTY PROJELER\CuteRoom\CuteRoom\Library\PackageCache\com.unity.visualscripting@1.7.8\Editor\VisualScripting.Core\Dependencies\YamlDotNet\Unity.VisualScripting.YamlDotNet.dll
Symbol file LoadedFromMemory doesn't match image D:\UNİTY PROJELER\CuteRoom\CuteRoom\Library\PackageCache\com.unity.visualscripting@1.7.8\Editor\VisualScripting.Core\Dependencies\DotNetZip\Unity.VisualScripting.IonicZip.dll
Native extension for WindowsStandalone target not found
Refreshing native plugins compatible for Editor in 0.80 ms, found 3 plugins.
Preloading 0 native plugins for Editor in 0.00 ms.
Mono: successfully reloaded assembly
Package Manager log level set to [2]
- Completed reload, in  1.698 seconds
Domain Reload Profiling:
	ReloadAssembly (1699ms)
		BeginReloadAssembly (184ms)
			ExecutionOrderSort (0ms)
			DisableScriptedObjects (14ms)
			BackupInstance (0ms)
			ReleaseScriptingObjects (0ms)
			CreateAndSetChildDomain (31ms)
		EndReloadAssembly (1309ms)
			LoadAssemblies (122ms)
			RebuildTransferFunctionScriptingTraits (0ms)
			SetupTypeCache (428ms)
			ReleaseScriptCaches (1ms)
			RebuildScriptCaches (89ms)
			SetupLoadedEditorAssemblies (595ms)
				LogAssemblyErrors (0ms)
				InitializePlatformSupportModulesInManaged (7ms)
				SetLoadedEditorAssemblies (1ms)
				RefreshPlugins (1ms)
				BeforeProcessingInitializeOnLoad (135ms)
				ProcessInitializeOnLoadAttributes (410ms)
				ProcessInitializeOnLoadMethodAttributes (37ms)
				AfterProcessingInitializeOnLoad (4ms)
				EditorAssembliesLoaded (0ms)
			ExecutionOrderSort2 (0ms)
			AwakeInstancesAfterBackupRestoration (10ms)
Platform modules already initialized, skipping
========================================================================
Worker process is ready to serve import requests
Launched and connected shader compiler UnityShaderCompiler.exe after 0.09 seconds
Refreshing native plugins compatible for Editor in 0.87 ms, found 3 plugins.
Preloading 0 native plugins for Editor in 0.00 ms.
Unloading 3475 Unused Serialized files (Serialized files now loaded: 0)
Unloading 40 unused Assets / (88.1 KB). Loaded Objects now: 3921.
Memory consumption went from 118.4 MB to 118.3 MB.
Total: 8.267800 ms (FindLiveObjects: 0.420600 ms CreateObjectMapping: 0.332500 ms MarkObjects: 7.307700 ms  DeleteObjects: 0.204100 ms)

AssetImportParameters requested are different than current active one (requested -> active):
  custom:video-decoder-ogg-theora: a1e56fd34408186e4bbccfd4996cb3dc -> 
  custom:container-muxer-webm: aa71ff27fc2769a1b78a27578f13a17b -> 
  custom:container-demuxer-webm: 4f35f7cbe854078d1ac9338744f61a02 -> 
  custom:video-encoder-webm-vp8: eb34c28f22e8b96e1ab97ce403110664 -> 
  custom:audio-encoder-webm-vorbis: bf7c407c2cedff20999df2af8eb42d56 -> 
  custom:framework-win-MediaFoundation: 216162199b28c13a410421893ffa2e32 -> 
  custom:container-demuxer-ogg: 62fdf1f143b41e24485cea50d1cbac27 -> 
  custom:video-decoder-webm-vp8: 9c59270c3fd7afecdb556c50c9e8de78 -> 
  custom:audio-decoder-ogg-vorbis: bf7c407c2cedff20999df2af8eb42d56 -> 
========================================================================
Received Import Request.
  Time since last request: 199640.117265 seconds.
  path: Assets/Anarşi Tasarım/Materials/BilgisayarU.mat
  artifactKey: Guid(9d3772942101ea64080f4b179b0c5e99) Importer(815301076,1909f56bfc062723c751e8b465ee728b)
Start importing Assets/Anarşi Tasarım/Materials/BilgisayarU.mat using Guid(9d3772942101ea64080f4b179b0c5e99) Importer(815301076,1909f56bfc062723c751e8b465ee728b)  -> (artifact id: 'abc22df2aaf816e060cee83a5c8216d7') in 0.259409 seconds 
========================================================================
Received Import Request.
  Time since last request: 0.000030 seconds.
  path: Assets/Anarşi Tasarım/Materials/CarsafU.mat
  artifactKey: Guid(de7aab9cbdcb674469187b7f096a1541) Importer(815301076,1909f56bfc062723c751e8b465ee728b)
Start importing Assets/Anarşi Tasarım/Materials/CarsafU.mat using Guid(de7aab9cbdcb674469187b7f096a1541) Importer(815301076,1909f56bfc062723c751e8b465ee728b)  -> (artifact id: 'b0345b27629a0cd3ba59129c9f67fadc') in 0.040422 seconds 
========================================================================
Received Import Request.
  Time since last request: 0.000049 seconds.
  path: Assets/Anarşi Tasarım/Materials/KapiU.mat
  artifactKey: Guid(002610bbb5f54504d98c51fed1373240) Importer(815301076,1909f56bfc062723c751e8b465ee728b)
Start importing Assets/Anarşi Tasarım/Materials/KapiU.mat using Guid(002610bbb5f54504d98c51fed1373240) Importer(815301076,1909f56bfc062723c751e8b465ee728b)  -> (artifact id: 'ea921c38ac8062684d800e1f69da9587') in 0.023611 seconds 
========================================================================
Received Import Request.
  Time since last request: 0.000029 seconds.
  path: Assets/Anarşi Tasarım/Materials/HaliU.mat
  artifactKey: Guid(b205bf84388a42f459ec56e09481dad8) Importer(815301076,1909f56bfc062723c751e8b465ee728b)
Start importing Assets/Anarşi Tasarım/Materials/HaliU.mat using Guid(b205bf84388a42f459ec56e09481dad8) Importer(815301076,1909f56bfc062723c751e8b465ee728b)  -> (artifact id: '783876349a9e8fd3b6f03137a281f21d') in 0.093854 seconds 
========================================================================
Received Import Request.
  Time since last request: 0.000028 seconds.
  path: Assets/Anarşi Tasarım/Materials/CalismaMasasi2U.mat
  artifactKey: Guid(6ea730afab88eb640a87ec716cd2fb30) Importer(815301076,1909f56bfc062723c751e8b465ee728b)
Start importing Assets/Anarşi Tasarım/Materials/CalismaMasasi2U.mat using Guid(6ea730afab88eb640a87ec716cd2fb30) Importer(815301076,1909f56bfc062723c751e8b465ee728b)  -> (artifact id: '0950a50d448c6afc9add4763b526bde2') in 0.034339 seconds 
========================================================================
Received Import Request.
  Time since last request: 0.000035 seconds.
  path: Assets/Anarşi Tasarım/Materials/Kitap2.mat
  artifactKey: Guid(b06bf43c43d4120439e83ff4be8a0956) Importer(815301076,1909f56bfc062723c751e8b465ee728b)
Start importing Assets/Anarşi Tasarım/Materials/Kitap2.mat using Guid(b06bf43c43d4120439e83ff4be8a0956) Importer(815301076,1909f56bfc062723c751e8b465ee728b)  -> (artifact id: '21200003940657f31632bb33289891a4') in 0.029154 seconds 
========================================================================
Received Import Request.
  Time since last request: 0.000035 seconds.
  path: Assets/Anarşi Tasarım/Materials/GardıropU.mat
  artifactKey: Guid(e000b6552e21cae4eb2fd8487bdd521c) Importer(815301076,1909f56bfc062723c751e8b465ee728b)
Start importing Assets/Anarşi Tasarım/Materials/GardıropU.mat using Guid(e000b6552e21cae4eb2fd8487bdd521c) Importer(815301076,1909f56bfc062723c751e8b465ee728b)  -> (artifact id: '757bee15f5b6b15f8d7269ac4471a8e7') in 0.033518 seconds 
========================================================================
Received Import Request.
  Time since last request: 328.904985 seconds.
  path: Assets/Anarşi Tasarım/Materials/CamU.mat
  artifactKey: Guid(67115baf42ee2954393c456e835ffcfe) Importer(815301076,1909f56bfc062723c751e8b465ee728b)
Start importing Assets/Anarşi Tasarım/Materials/CamU.mat using Guid(67115baf42ee2954393c456e835ffcfe) Importer(815301076,1909f56bfc062723c751e8b465ee728b)  -> (artifact id: 'ca0a66f5815186417f9bd705c9d6bb89') in 0.038000 seconds 
